<?xml version="1.0" encoding="UTF-8"?>
<!-- Generated by org.testng.reporters.JUnitReportReporter -->
<testsuite skipped="0" hostname="DESKTOP-DM0B6TO" name="Koneqto_Exe.Infobyt_Exc" tests="1" failures="0" timestamp="18 Mar 2019 07:26:33 GMT" time="13.736" errors="0">
  <testcase name="login" time="13.736" classname="Koneqto_Exe.Infobyt_Exc"/>
</testsuite> <!-- Koneqto_Exe.Infobyt_Exc -->
